[GIN-debug] [WARNING] Running in "debug" mode. Switch to "release" mode in production.
 - using env:	export GIN_MODE=release
 - using code:	gin.SetMode(gin.ReleaseMode)

[GIN-debug] POST   /init                     --> fhehub/server.ProcessRequest.func1 (1 handlers)
[GIN-debug] POST   /tool/sm3                 --> fhehub/server.ProcessRequest.func2 (1 handlers)
[GIN-debug] POST   /file/getFile             --> fhehub/server.ProcessRequest.func3 (1 handlers)
[GIN-debug] POST   /km/genSK                 --> fhehub/server.ProcessRequest.func4 (1 handlers)
[GIN-debug] POST   /km/genPK                 --> fhehub/server.ProcessRequest.func5 (1 handlers)
[GIN-debug] POST   /km/genDict               --> fhehub/server.ProcessRequest.func6 (1 handlers)
[GIN-debug] POST   /km/loadSK                --> fhehub/server.ProcessRequest.func7 (1 handlers)
[GIN-debug] POST   /km/loadPK                --> fhehub/server.ProcessRequest.func8 (1 handlers)
[GIN-debug] POST   /km/loadDict              --> fhehub/server.ProcessRequest.func9 (1 handlers)
[GIN-debug] POST   /enc/encrypt              --> fhehub/server.ProcessRequest.func10 (1 handlers)
[GIN-debug] POST   /enc/encryptBatch         --> fhehub/server.ProcessRequest.func11 (1 handlers)
[GIN-debug] POST   /enc/encryptPublic        --> fhehub/server.ProcessRequest.func12 (1 handlers)
[GIN-debug] POST   /enc/encryptPublicBatch   --> fhehub/server.ProcessRequest.func13 (1 handlers)
[GIN-debug] POST   /enc/decrypt              --> fhehub/server.ProcessRequest.func14 (1 handlers)
[GIN-debug] POST   /enc/decryptBatch         --> fhehub/server.ProcessRequest.func15 (1 handlers)
[GIN-debug] POST   /enc/encryptBinary        --> fhehub/server.ProcessRequest.func16 (1 handlers)
[GIN-debug] POST   /enc/encryptBinaryPublic  --> fhehub/server.ProcessRequest.func17 (1 handlers)
[GIN-debug] POST   /enc/decryptBinary        --> fhehub/server.ProcessRequest.func18 (1 handlers)
[GIN-debug] POST   /enc/encryptString        --> fhehub/server.ProcessRequest.func19 (1 handlers)
[GIN-debug] POST   /enc/encryptStringBatch   --> fhehub/server.ProcessRequest.func20 (1 handlers)
[GIN-debug] POST   /enc/encryptStringPublic  --> fhehub/server.ProcessRequest.func21 (1 handlers)
[GIN-debug] POST   /enc/encryptStringPublicBatch --> fhehub/server.ProcessRequest.func22 (1 handlers)
[GIN-debug] POST   /enc/decryptString        --> fhehub/server.ProcessRequest.func23 (1 handlers)
[GIN-debug] POST   /enc/decryptStringBatch   --> fhehub/server.ProcessRequest.func24 (1 handlers)
[GIN-debug] POST   /enc/genSign              --> fhehub/server.ProcessRequest.func25 (1 handlers)
[GIN-debug] POST   /enc/verifySign           --> fhehub/server.ProcessRequest.func26 (1 handlers)
[GIN-debug] POST   /opt/add                  --> fhehub/server.ProcessRequest.func27 (1 handlers)
[GIN-debug] POST   /opt/addBatch             --> fhehub/server.ProcessRequest.func28 (1 handlers)
[GIN-debug] POST   /opt/substract            --> fhehub/server.ProcessRequest.func29 (1 handlers)
[GIN-debug] POST   /opt/substractBatch       --> fhehub/server.ProcessRequest.func30 (1 handlers)
[GIN-debug] POST   /opt/multiply             --> fhehub/server.ProcessRequest.func31 (1 handlers)
[GIN-debug] POST   /opt/multiplyBatch        --> fhehub/server.ProcessRequest.func32 (1 handlers)
[GIN-debug] POST   /opt/divide               --> fhehub/server.ProcessRequest.func33 (1 handlers)
[GIN-debug] POST   /opt/divideBatch          --> fhehub/server.ProcessRequest.func34 (1 handlers)
[GIN-debug] POST   /opt/xor                  --> fhehub/server.ProcessRequest.func35 (1 handlers)
[GIN-debug] POST   /opt/and                  --> fhehub/server.ProcessRequest.func36 (1 handlers)
[GIN-debug] POST   /opt/or                   --> fhehub/server.ProcessRequest.func37 (1 handlers)
[GIN-debug] POST   /opt/not                  --> fhehub/server.ProcessRequest.func38 (1 handlers)
[GIN-debug] POST   /opt/shiftLeft            --> fhehub/server.ProcessRequest.func39 (1 handlers)
[GIN-debug] POST   /opt/shiftRight           --> fhehub/server.ProcessRequest.func40 (1 handlers)
[GIN-debug] POST   /opt/compare              --> fhehub/server.ProcessRequest.func41 (1 handlers)
[GIN-debug] POST   /opt/compareBatch         --> fhehub/server.ProcessRequest.func42 (1 handlers)
[GIN-debug] POST   /opt/abs                  --> fhehub/server.ProcessRequest.func43 (1 handlers)
[GIN-debug] POST   /opt/absBatch             --> fhehub/server.ProcessRequest.func44 (1 handlers)
[GIN-debug] POST   /opt/power                --> fhehub/server.ProcessRequest.func45 (1 handlers)
[GIN-debug] POST   /opt/powerBatch           --> fhehub/server.ProcessRequest.func46 (1 handlers)
[GIN-debug] POST   /opt/sqrt                 --> fhehub/server.ProcessRequest.func47 (1 handlers)
[GIN-debug] POST   /opt/sqrtBatch            --> fhehub/server.ProcessRequest.func48 (1 handlers)
[GIN-debug] POST   /opt/log                  --> fhehub/server.ProcessRequest.func49 (1 handlers)
[GIN-debug] POST   /opt/logBatch             --> fhehub/server.ProcessRequest.func50 (1 handlers)
[GIN-debug] POST   /opt/exp                  --> fhehub/server.ProcessRequest.func51 (1 handlers)
[GIN-debug] POST   /opt/expBatch             --> fhehub/server.ProcessRequest.func52 (1 handlers)
[GIN-debug] POST   /opt/sin                  --> fhehub/server.ProcessRequest.func53 (1 handlers)
[GIN-debug] POST   /opt/sinBatch             --> fhehub/server.ProcessRequest.func54 (1 handlers)
[GIN-debug] POST   /opt/cos                  --> fhehub/server.ProcessRequest.func55 (1 handlers)
[GIN-debug] POST   /opt/cosBatch             --> fhehub/server.ProcessRequest.func56 (1 handlers)
[GIN-debug] POST   /opt/tan                  --> fhehub/server.ProcessRequest.func57 (1 handlers)
[GIN-debug] POST   /opt/tanBatch             --> fhehub/server.ProcessRequest.func58 (1 handlers)
[GIN-debug] POST   /opt/asin                 --> fhehub/server.ProcessRequest.func59 (1 handlers)
[GIN-debug] POST   /opt/asinBatch            --> fhehub/server.ProcessRequest.func60 (1 handlers)
[GIN-debug] POST   /opt/acos                 --> fhehub/server.ProcessRequest.func61 (1 handlers)
[GIN-debug] POST   /opt/acosBatch            --> fhehub/server.ProcessRequest.func62 (1 handlers)
[GIN-debug] POST   /opt/atan                 --> fhehub/server.ProcessRequest.func63 (1 handlers)
[GIN-debug] POST   /opt/atanBatch            --> fhehub/server.ProcessRequest.func64 (1 handlers)
[GIN-debug] POST   /opt/sinh                 --> fhehub/server.ProcessRequest.func65 (1 handlers)
[GIN-debug] POST   /opt/sinhBatch            --> fhehub/server.ProcessRequest.func66 (1 handlers)
[GIN-debug] POST   /opt/cosh                 --> fhehub/server.ProcessRequest.func67 (1 handlers)
[GIN-debug] POST   /opt/coshBatch            --> fhehub/server.ProcessRequest.func68 (1 handlers)
[GIN-debug] POST   /opt/tanh                 --> fhehub/server.ProcessRequest.func69 (1 handlers)
[GIN-debug] POST   /opt/tanhBatch            --> fhehub/server.ProcessRequest.func70 (1 handlers)
[GIN-debug] POST   /opt/asinh                --> fhehub/server.ProcessRequest.func71 (1 handlers)
[GIN-debug] POST   /opt/asinhBatch           --> fhehub/server.ProcessRequest.func72 (1 handlers)
[GIN-debug] POST   /opt/acosh                --> fhehub/server.ProcessRequest.func73 (1 handlers)
[GIN-debug] POST   /opt/acoshBatch           --> fhehub/server.ProcessRequest.func74 (1 handlers)
[GIN-debug] POST   /opt/atanh                --> fhehub/server.ProcessRequest.func75 (1 handlers)
[GIN-debug] POST   /opt/atanhBatch           --> fhehub/server.ProcessRequest.func76 (1 handlers)
[GIN-debug] POST   /opt/concat               --> fhehub/server.ProcessRequest.func77 (1 handlers)
[GIN-debug] POST   /opt/concatBatch          --> fhehub/server.ProcessRequest.func78 (1 handlers)
[GIN-debug] POST   /opt/substring            --> fhehub/server.ProcessRequest.func79 (1 handlers)
[GIN-debug] POST   /opt/substringBatch       --> fhehub/server.ProcessRequest.func80 (1 handlers)
[GIN-debug] POST   /gen/randInt              --> fhehub/server.ProcessRequest.func81 (1 handlers)
[GIN-debug] POST   /gen/randFloat            --> fhehub/server.ProcessRequest.func82 (1 handlers)
[GIN-debug] POST   /gen/randString           --> fhehub/server.ProcessRequest.func83 (1 handlers)
[GIN-debug] POST   /ckks/genKey              --> fhehub/server.ProcessRequest.func84 (1 handlers)
[GIN-debug] POST   /ckks/encrypt             --> fhehub/server.ProcessRequest.func85 (1 handlers)
[GIN-debug] POST   /ckks/add                 --> fhehub/server.ProcessRequest.func86 (1 handlers)
[GIN-debug] POST   /ckks/mul                 --> fhehub/server.ProcessRequest.func87 (1 handlers)
[GIN-debug] POST   /ckks/relinearize         --> fhehub/server.ProcessRequest.func88 (1 handlers)
[GIN-debug] POST   /ckks/rot                 --> fhehub/server.ProcessRequest.func89 (1 handlers)
[GIN-debug] POST   /ckks/decrypt             --> fhehub/server.ProcessRequest.func90 (1 handlers)
[GIN-debug] POST   /bgv/genKey               --> fhehub/server.ProcessRequest.func91 (1 handlers)
[GIN-debug] POST   /bgv/encrypt              --> fhehub/server.ProcessRequest.func92 (1 handlers)
[GIN-debug] POST   /bgv/add                  --> fhehub/server.ProcessRequest.func93 (1 handlers)
[GIN-debug] POST   /bgv/mul                  --> fhehub/server.ProcessRequest.func94 (1 handlers)
[GIN-debug] POST   /bgv/relinearize          --> fhehub/server.ProcessRequest.func95 (1 handlers)
[GIN-debug] POST   /bgv/rot                  --> fhehub/server.ProcessRequest.func96 (1 handlers)
[GIN-debug] POST   /bgv/decrypt              --> fhehub/server.ProcessRequest.func97 (1 handlers)
[GIN-debug] POST   /bfv/genKey               --> fhehub/server.ProcessRequest.func98 (1 handlers)
[GIN-debug] POST   /bfv/encrypt              --> fhehub/server.ProcessRequest.func99 (1 handlers)
[GIN-debug] POST   /bfv/add                  --> fhehub/server.ProcessRequest.func100 (1 handlers)
[GIN-debug] POST   /bfv/mul                  --> fhehub/server.ProcessRequest.func101 (1 handlers)
[GIN-debug] POST   /bfv/relinearize          --> fhehub/server.ProcessRequest.func102 (1 handlers)
[GIN-debug] POST   /bfv/rot                  --> fhehub/server.ProcessRequest.func103 (1 handlers)
[GIN-debug] POST   /bfv/decrypt              --> fhehub/server.ProcessRequest.func104 (1 handlers)
